Start testing: Dec 14 09:47 MST
----------------------------------------------------------
1/83 Testing: test01
1/83 Test: test01
Command: "/s/bach/n/under/nklisch/school/cs253/HW8/hw6_grading/build/tests_hw5/test01"
Directory: /s/bach/n/under/nklisch/school/cs253/HW8/hw6_grading/tests_hw5/data
"test01" start time: Dec 14 09:47 MST
Output:
----------------------------------------------------------
<end of output>
Test time =   0.01 sec
----------------------------------------------------------
Test Passed.
"test01" end time: Dec 14 09:47 MST
"test01" time elapsed: 00:00:00
----------------------------------------------------------

2/83 Testing: test02
2/83 Test: test02
Command: "/s/bach/n/under/nklisch/school/cs253/HW8/hw6_grading/build/tests_hw5/test02"
Directory: /s/bach/n/under/nklisch/school/cs253/HW8/hw6_grading/tests_hw5/data
"test02" start time: Dec 14 09:47 MST
Output:
----------------------------------------------------------
<end of output>
Test time =   0.00 sec
----------------------------------------------------------
Test Passed.
"test02" end time: Dec 14 09:47 MST
"test02" time elapsed: 00:00:00
----------------------------------------------------------

3/83 Testing: test03
3/83 Test: test03
Command: "/s/bach/n/under/nklisch/school/cs253/HW8/hw6_grading/build/tests_hw5/test03"
Directory: /s/bach/n/under/nklisch/school/cs253/HW8/hw6_grading/tests_hw5/data
"test03" start time: Dec 14 09:47 MST
Output:
----------------------------------------------------------
<end of output>
Test time =   0.01 sec
----------------------------------------------------------
Test Passed.
"test03" end time: Dec 14 09:47 MST
"test03" time elapsed: 00:00:00
----------------------------------------------------------

4/83 Testing: test04
4/83 Test: test04
Command: "/s/bach/n/under/nklisch/school/cs253/HW8/hw6_grading/build/tests_hw5/test04"
Directory: /s/bach/n/under/nklisch/school/cs253/HW8/hw6_grading/tests_hw5/data
"test04" start time: Dec 14 09:47 MST
Output:
----------------------------------------------------------
<end of output>
Test time =   0.01 sec
----------------------------------------------------------
Test Passed.
"test04" end time: Dec 14 09:47 MST
"test04" time elapsed: 00:00:00
----------------------------------------------------------

5/83 Testing: test05
5/83 Test: test05
Command: "/s/bach/n/under/nklisch/school/cs253/HW8/hw6_grading/build/tests_hw5/test05"
Directory: /s/bach/n/under/nklisch/school/cs253/HW8/hw6_grading/tests_hw5/data
"test05" start time: Dec 14 09:47 MST
Output:
----------------------------------------------------------
<end of output>
Test time =   0.01 sec
----------------------------------------------------------
Test Passed.
"test05" end time: Dec 14 09:47 MST
"test05" time elapsed: 00:00:00
----------------------------------------------------------

6/83 Testing: test06
6/83 Test: test06
Command: "/s/bach/n/under/nklisch/school/cs253/HW8/hw6_grading/build/tests_hw5/test06"
Directory: /s/bach/n/under/nklisch/school/cs253/HW8/hw6_grading/tests_hw5/data
"test06" start time: Dec 14 09:47 MST
Output:
----------------------------------------------------------
<end of output>
Test time =   0.01 sec
----------------------------------------------------------
Test Passed.
"test06" end time: Dec 14 09:47 MST
"test06" time elapsed: 00:00:00
----------------------------------------------------------

7/83 Testing: test07
7/83 Test: test07
Command: "/s/bach/n/under/nklisch/school/cs253/HW8/hw6_grading/build/tests_hw5/test07"
Directory: /s/bach/n/under/nklisch/school/cs253/HW8/hw6_grading/tests_hw5/data
"test07" start time: Dec 14 09:47 MST
Output:
----------------------------------------------------------
<end of output>
Test time =   0.01 sec
----------------------------------------------------------
Test Passed.
"test07" end time: Dec 14 09:47 MST
"test07" time elapsed: 00:00:00
----------------------------------------------------------

8/83 Testing: test08
8/83 Test: test08
Command: "/s/bach/n/under/nklisch/school/cs253/HW8/hw6_grading/build/tests_hw5/test08"
Directory: /s/bach/n/under/nklisch/school/cs253/HW8/hw6_grading/tests_hw5/data
"test08" start time: Dec 14 09:47 MST
Output:
----------------------------------------------------------
<end of output>
Test time =   0.01 sec
----------------------------------------------------------
Test Passed.
"test08" end time: Dec 14 09:47 MST
"test08" time elapsed: 00:00:00
----------------------------------------------------------

9/83 Testing: test09
9/83 Test: test09
Command: "/s/bach/n/under/nklisch/school/cs253/HW8/hw6_grading/build/tests_hw5/test09"
Directory: /s/bach/n/under/nklisch/school/cs253/HW8/hw6_grading/tests_hw5/data
"test09" start time: Dec 14 09:47 MST
Output:
----------------------------------------------------------
test09 passed, runtime_error = File fileDoesNotExists provided did not open
<end of output>
Test time =   0.01 sec
----------------------------------------------------------
Test Passed.
"test09" end time: Dec 14 09:47 MST
"test09" time elapsed: 00:00:00
----------------------------------------------------------

10/83 Testing: test10
10/83 Test: test10
Command: "/s/bach/n/under/nklisch/school/cs253/HW8/hw6_grading/build/tests_hw5/test10"
Directory: /s/bach/n/under/nklisch/school/cs253/HW8/hw6_grading/tests_hw5/data
"test10" start time: Dec 14 09:47 MST
Output:
----------------------------------------------------------
test10 passed, runtime_error = No keyfile provided!
<end of output>
Test time =   0.01 sec
----------------------------------------------------------
Test Passed.
"test10" end time: Dec 14 09:47 MST
"test10" time elapsed: 00:00:00
----------------------------------------------------------

11/83 Testing: test11
11/83 Test: test11
Command: "/s/bach/n/under/nklisch/school/cs253/HW8/hw6_grading/build/tests_hw5/test11"
Directory: /s/bach/n/under/nklisch/school/cs253/HW8/hw6_grading/tests_hw5/data
"test11" start time: Dec 14 09:47 MST
Output:
----------------------------------------------------------
test11 passed, runtime_error = Too many keyfiles! Keyfile: file00
<end of output>
Test time =   0.01 sec
----------------------------------------------------------
Test Passed.
"test11" end time: Dec 14 09:47 MST
"test11" time elapsed: 00:00:00
----------------------------------------------------------

12/83 Testing: test12
12/83 Test: test12
Command: "/s/bach/n/under/nklisch/school/cs253/HW8/hw6_grading/build/tests_hw5/test12"
Directory: /s/bach/n/under/nklisch/school/cs253/HW8/hw6_grading/tests_hw5/data
"test12" start time: Dec 14 09:47 MST
Output:
----------------------------------------------------------
test12 passed, runtime_error = The key is missing for the line:    wrongkey0
<end of output>
Test time =   0.01 sec
----------------------------------------------------------
Test Passed.
"test12" end time: Dec 14 09:47 MST
"test12" time elapsed: 00:00:00
----------------------------------------------------------

13/83 Testing: test13
13/83 Test: test13
Command: "/s/bach/n/under/nklisch/school/cs253/HW8/hw6_grading/build/tests_hw5/test13"
Directory: /s/bach/n/under/nklisch/school/cs253/HW8/hw6_grading/tests_hw5/data
"test13" start time: Dec 14 09:47 MST
Output:
----------------------------------------------------------
test13 passed, runtime_error = The key is missing for the line:  Name Agent Smith
<end of output>
Test time =   0.01 sec
----------------------------------------------------------
Test Passed.
"test13" end time: Dec 14 09:47 MST
"test13" time elapsed: 00:00:00
----------------------------------------------------------

14/83 Testing: test14
14/83 Test: test14
Command: "/s/bach/n/under/nklisch/school/cs253/HW8/hw6_grading/build/tests_hw5/test14"
Directory: /s/bach/n/under/nklisch/school/cs253/HW8/hw6_grading/tests_hw5/data
"test14" start time: Dec 14 09:47 MST
Output:
----------------------------------------------------------
<end of output>
Test time =   0.01 sec
----------------------------------------------------------
Test Passed.
"test14" end time: Dec 14 09:47 MST
"test14" time elapsed: 00:00:00
----------------------------------------------------------

15/83 Testing: test15
15/83 Test: test15
Command: "/s/bach/n/under/nklisch/school/cs253/HW8/hw6_grading/build/tests_hw5/test15"
Directory: /s/bach/n/under/nklisch/school/cs253/HW8/hw6_grading/tests_hw5/data
"test15" start time: Dec 14 09:47 MST
Output:
----------------------------------------------------------
<end of output>
Test time =   0.01 sec
----------------------------------------------------------
Test Passed.
"test15" end time: Dec 14 09:47 MST
"test15" time elapsed: 00:00:00
----------------------------------------------------------

16/83 Testing: test16
16/83 Test: test16
Command: "/s/bach/n/under/nklisch/school/cs253/HW8/hw6_grading/build/tests_hw5/test16"
Directory: /s/bach/n/under/nklisch/school/cs253/HW8/hw6_grading/tests_hw5/data
"test16" start time: Dec 14 09:47 MST
Output:
----------------------------------------------------------
<end of output>
Test time =   0.01 sec
----------------------------------------------------------
Test Passed.
"test16" end time: Dec 14 09:47 MST
"test16" time elapsed: 00:00:00
----------------------------------------------------------

17/83 Testing: test17
17/83 Test: test17
Command: "/s/bach/n/under/nklisch/school/cs253/HW8/hw6_grading/build/tests_hw5/test17"
Directory: /s/bach/n/under/nklisch/school/cs253/HW8/hw6_grading/tests_hw5/data
"test17" start time: Dec 14 09:47 MST
Output:
----------------------------------------------------------
<end of output>
Test time =   0.01 sec
----------------------------------------------------------
Test Passed.
"test17" end time: Dec 14 09:47 MST
"test17" time elapsed: 00:00:00
----------------------------------------------------------

18/83 Testing: test18
18/83 Test: test18
Command: "/s/bach/n/under/nklisch/school/cs253/HW8/hw6_grading/build/tests_hw5/test18"
Directory: /s/bach/n/under/nklisch/school/cs253/HW8/hw6_grading/tests_hw5/data
"test18" start time: Dec 14 09:47 MST
Output:
----------------------------------------------------------
<end of output>
Test time =   0.01 sec
----------------------------------------------------------
Test Passed.
"test18" end time: Dec 14 09:47 MST
"test18" time elapsed: 00:00:00
----------------------------------------------------------

19/83 Testing: test19
19/83 Test: test19
Command: "/s/bach/n/under/nklisch/school/cs253/HW8/hw6_grading/build/tests_hw5/test19"
Directory: /s/bach/n/under/nklisch/school/cs253/HW8/hw6_grading/tests_hw5/data
"test19" start time: Dec 14 09:47 MST
Output:
----------------------------------------------------------
<end of output>
Test time =   0.01 sec
----------------------------------------------------------
Test Passed.
"test19" end time: Dec 14 09:47 MST
"test19" time elapsed: 00:00:00
----------------------------------------------------------

20/83 Testing: test21
20/83 Test: test21
Command: "/s/bach/n/under/nklisch/school/cs253/HW8/hw6_grading/build/tests_hw5/test21"
Directory: /s/bach/n/under/nklisch/school/cs253/HW8/hw6_grading/tests_hw5/data
"test21" start time: Dec 14 09:47 MST
Output:
----------------------------------------------------------
<end of output>
Test time =   0.01 sec
----------------------------------------------------------
Test Passed.
"test21" end time: Dec 14 09:47 MST
"test21" time elapsed: 00:00:00
----------------------------------------------------------

21/83 Testing: test22
21/83 Test: test22
Command: "/s/bach/n/under/nklisch/school/cs253/HW8/hw6_grading/build/tests_hw5/test22"
Directory: /s/bach/n/under/nklisch/school/cs253/HW8/hw6_grading/tests_hw5/data
"test22" start time: Dec 14 09:47 MST
Output:
----------------------------------------------------------
<end of output>
Test time =   0.01 sec
----------------------------------------------------------
Test Passed.
"test22" end time: Dec 14 09:47 MST
"test22" time elapsed: 00:00:00
----------------------------------------------------------

22/83 Testing: test23
22/83 Test: test23
Command: "/s/bach/n/under/nklisch/school/cs253/HW8/hw6_grading/build/tests_hw5/test23"
Directory: /s/bach/n/under/nklisch/school/cs253/HW8/hw6_grading/tests_hw5/data
"test23" start time: Dec 14 09:47 MST
Output:
----------------------------------------------------------
test23 passed, runtime_error = The key is missing for the line:  Name Agent Smith
<end of output>
Test time =   0.01 sec
----------------------------------------------------------
Test Passed.
"test23" end time: Dec 14 09:47 MST
"test23" time elapsed: 00:00:00
----------------------------------------------------------

23/83 Testing: test24
23/83 Test: test24
Command: "/s/bach/n/under/nklisch/school/cs253/HW8/hw6_grading/build/tests_hw5/test24"
Directory: /s/bach/n/under/nklisch/school/cs253/HW8/hw6_grading/tests_hw5/data
"test24" start time: Dec 14 09:47 MST
Output:
----------------------------------------------------------
test24 passed, runtime_error = File filedoesnotexists failed to open.
<end of output>
Test time =   0.01 sec
----------------------------------------------------------
Test Passed.
"test24" end time: Dec 14 09:47 MST
"test24" time elapsed: 00:00:00
----------------------------------------------------------

24/83 Testing: test25
24/83 Test: test25
Command: "/s/bach/n/under/nklisch/school/cs253/HW8/hw6_grading/build/tests_hw5/test25"
Directory: /s/bach/n/under/nklisch/school/cs253/HW8/hw6_grading/tests_hw5/data
"test25" start time: Dec 14 09:47 MST
Output:
----------------------------------------------------------
<end of output>
Test time =   0.01 sec
----------------------------------------------------------
Test Passed.
"test25" end time: Dec 14 09:47 MST
"test25" time elapsed: 00:00:00
----------------------------------------------------------

25/83 Testing: test26
25/83 Test: test26
Command: "/s/bach/n/under/nklisch/school/cs253/HW8/hw6_grading/build/tests_hw5/test26"
Directory: /s/bach/n/under/nklisch/school/cs253/HW8/hw6_grading/tests_hw5/data
"test26" start time: Dec 14 09:47 MST
Output:
----------------------------------------------------------
<end of output>
Test time =   0.01 sec
----------------------------------------------------------
Test Passed.
"test26" end time: Dec 14 09:47 MST
"test26" time elapsed: 00:00:00
----------------------------------------------------------

26/83 Testing: test27
26/83 Test: test27
Command: "/s/bach/n/under/nklisch/school/cs253/HW8/hw6_grading/build/tests_hw5/test27"
Directory: /s/bach/n/under/nklisch/school/cs253/HW8/hw6_grading/tests_hw5/data
"test27" start time: Dec 14 09:47 MST
Output:
----------------------------------------------------------
<end of output>
Test time =   0.01 sec
----------------------------------------------------------
Test Passed.
"test27" end time: Dec 14 09:47 MST
"test27" time elapsed: 00:00:00
----------------------------------------------------------

27/83 Testing: test28
27/83 Test: test28
Command: "/s/bach/n/under/nklisch/school/cs253/HW8/hw6_grading/build/tests_hw5/test28"
Directory: /s/bach/n/under/nklisch/school/cs253/HW8/hw6_grading/tests_hw5/data
"test28" start time: Dec 14 09:47 MST
Output:
----------------------------------------------------------
<end of output>
Test time =   0.01 sec
----------------------------------------------------------
Test Passed.
"test28" end time: Dec 14 09:47 MST
"test28" time elapsed: 00:00:00
----------------------------------------------------------

28/83 Testing: test29
28/83 Test: test29
Command: "/s/bach/n/under/nklisch/school/cs253/HW8/hw6_grading/build/tests_hw5/test29"
Directory: /s/bach/n/under/nklisch/school/cs253/HW8/hw6_grading/tests_hw5/data
"test29" start time: Dec 14 09:47 MST
Output:
----------------------------------------------------------
<end of output>
Test time =   0.01 sec
----------------------------------------------------------
Test Passed.
"test29" end time: Dec 14 09:47 MST
"test29" time elapsed: 00:00:00
----------------------------------------------------------

29/83 Testing: test30
29/83 Test: test30
Command: "/s/bach/n/under/nklisch/school/cs253/HW8/hw6_grading/build/tests_hw5/test30"
Directory: /s/bach/n/under/nklisch/school/cs253/HW8/hw6_grading/tests_hw5/data
"test30" start time: Dec 14 09:47 MST
Output:
----------------------------------------------------------
<end of output>
Test time =   0.01 sec
----------------------------------------------------------
Test Passed.
"test30" end time: Dec 14 09:47 MST
"test30" time elapsed: 00:00:00
----------------------------------------------------------

30/83 Testing: test31
30/83 Test: test31
Command: "/s/bach/n/under/nklisch/school/cs253/HW8/hw6_grading/build/tests_hw5/test31"
Directory: /s/bach/n/under/nklisch/school/cs253/HW8/hw6_grading/tests_hw5/data
"test31" start time: Dec 14 09:47 MST
Output:
----------------------------------------------------------
Name  Lord Voldemort
Actor Ralph Fiennes
<end of output>
Test time =   0.01 sec
----------------------------------------------------------
Test Passed.
"test31" end time: Dec 14 09:47 MST
"test31" time elapsed: 00:00:00
----------------------------------------------------------

31/83 Testing: test32
31/83 Test: test32
Command: "/s/bach/n/under/nklisch/school/cs253/HW8/hw6_grading/build/tests_hw5/test32"
Directory: /s/bach/n/under/nklisch/school/cs253/HW8/hw6_grading/tests_hw5/data
"test32" start time: Dec 14 09:47 MST
Output:
----------------------------------------------------------
Name  Lord Voldemort
Actor Ralph Fiennes
<end of output>
Test time =   0.01 sec
----------------------------------------------------------
Test Passed.
"test32" end time: Dec 14 09:47 MST
"test32" time elapsed: 00:00:00
----------------------------------------------------------

32/83 Testing: test33
32/83 Test: test33
Command: "/s/bach/n/under/nklisch/school/cs253/HW8/hw6_grading/build/tests_hw5/test33"
Directory: /s/bach/n/under/nklisch/school/cs253/HW8/hw6_grading/tests_hw5/data
"test33" start time: Dec 14 09:47 MST
Output:
----------------------------------------------------------
test33 passed, range_error = Index out of bounds: 5 max is 1
<end of output>
Test time =   0.01 sec
----------------------------------------------------------
Test Passed.
"test33" end time: Dec 14 09:47 MST
"test33" time elapsed: 00:00:00
----------------------------------------------------------

33/83 Testing: test34
33/83 Test: test34
Command: "/s/bach/n/under/nklisch/school/cs253/HW8/hw6_grading/build/tests_hw5/test34"
Directory: /s/bach/n/under/nklisch/school/cs253/HW8/hw6_grading/tests_hw5/data
"test34" start time: Dec 14 09:47 MST
Output:
----------------------------------------------------------
Name  Lord Voldemort
Actor Ralph Fiennes
<end of output>
Test time =   0.01 sec
----------------------------------------------------------
Test Passed.
"test34" end time: Dec 14 09:47 MST
"test34" time elapsed: 00:00:00
----------------------------------------------------------

34/83 Testing: test35
34/83 Test: test35
Command: "/s/bach/n/under/nklisch/school/cs253/HW8/hw6_grading/build/tests_hw5/test35"
Directory: /s/bach/n/under/nklisch/school/cs253/HW8/hw6_grading/tests_hw5/data
"test35" start time: Dec 14 09:47 MST
Output:
----------------------------------------------------------
Oddjob
Goldfinger
<end of output>
Test time =   0.01 sec
----------------------------------------------------------
Test Passed.
"test35" end time: Dec 14 09:47 MST
"test35" time elapsed: 00:00:00
----------------------------------------------------------

35/83 Testing: test36
35/83 Test: test36
Command: "/s/bach/n/under/nklisch/school/cs253/HW8/hw6_grading/build/tests_hw5/test36"
Directory: /s/bach/n/under/nklisch/school/cs253/HW8/hw6_grading/tests_hw5/data
"test36" start time: Dec 14 09:47 MST
Output:
----------------------------------------------------------
test36 passed, runtime_error = No link relation of the type whatever
<end of output>
Test time =   0.01 sec
----------------------------------------------------------
Test Passed.
"test36" end time: Dec 14 09:47 MST
"test36" time elapsed: 00:00:00
----------------------------------------------------------

36/83 Testing: test37
36/83 Test: test37
Command: "/s/bach/n/under/nklisch/school/cs253/HW8/hw6_grading/build/tests_hw5/test37"
Directory: /s/bach/n/under/nklisch/school/cs253/HW8/hw6_grading/tests_hw5/data
"test37" start time: Dec 14 09:47 MST
Output:
----------------------------------------------------------
test37 passed, runtime_error = No enemy in this gallery is related by D
<end of output>
Test time =   0.01 sec
----------------------------------------------------------
Test Passed.
"test37" end time: Dec 14 09:47 MST
"test37" time elapsed: 00:00:00
----------------------------------------------------------

37/83 Testing: test38
37/83 Test: test38
Command: "/s/bach/n/under/nklisch/school/cs253/HW8/hw6_grading/build/tests_hw5/test38"
Directory: /s/bach/n/under/nklisch/school/cs253/HW8/hw6_grading/tests_hw5/data
"test38" start time: Dec 14 09:47 MST
Output:
----------------------------------------------------------
<end of output>
Test time =   0.01 sec
----------------------------------------------------------
Test Passed.
"test38" end time: Dec 14 09:47 MST
"test38" time elapsed: 00:00:00
----------------------------------------------------------

38/83 Testing: test39
38/83 Test: test39
Command: "/s/bach/n/under/nklisch/school/cs253/HW8/hw6_grading/build/tests_hw5/test39"
Directory: /s/bach/n/under/nklisch/school/cs253/HW8/hw6_grading/tests_hw5/data
"test39" start time: Dec 14 09:47 MST
Output:
----------------------------------------------------------
<end of output>
Test time =   0.00 sec
----------------------------------------------------------
Test Passed.
"test39" end time: Dec 14 09:47 MST
"test39" time elapsed: 00:00:00
----------------------------------------------------------

39/83 Testing: test40
39/83 Test: test40
Command: "/s/bach/n/under/nklisch/school/cs253/HW8/hw6_grading/build/tests_hw5/test40"
Directory: /s/bach/n/under/nklisch/school/cs253/HW8/hw6_grading/tests_hw5/data
"test40" start time: Dec 14 09:47 MST
Output:
----------------------------------------------------------
<end of output>
Test time =   0.00 sec
----------------------------------------------------------
Test Passed.
"test40" end time: Dec 14 09:47 MST
"test40" time elapsed: 00:00:00
----------------------------------------------------------

40/83 Testing: test41
40/83 Test: test41
Command: "/s/bach/n/under/nklisch/school/cs253/HW8/hw6_grading/build/tests_hw5/test41"
Directory: /s/bach/n/under/nklisch/school/cs253/HW8/hw6_grading/tests_hw5/data
"test41" start time: Dec 14 09:47 MST
Output:
----------------------------------------------------------
<end of output>
Test time =   0.01 sec
----------------------------------------------------------
Test Passed.
"test41" end time: Dec 14 09:47 MST
"test41" time elapsed: 00:00:00
----------------------------------------------------------

41/83 Testing: test43
41/83 Test: test43
Command: "/s/bach/n/under/nklisch/school/cs253/HW8/hw6_grading/build/tests_hw5/test43"
Directory: /s/bach/n/under/nklisch/school/cs253/HW8/hw6_grading/tests_hw5/data
"test43" start time: Dec 14 09:47 MST
Output:
----------------------------------------------------------
<end of output>
Test time =   0.01 sec
----------------------------------------------------------
Test Passed.
"test43" end time: Dec 14 09:47 MST
"test43" time elapsed: 00:00:00
----------------------------------------------------------

42/83 Testing: test44
42/83 Test: test44
Command: "/s/bach/n/under/nklisch/school/cs253/HW8/hw6_grading/build/tests_hw5/test44"
Directory: /s/bach/n/under/nklisch/school/cs253/HW8/hw6_grading/tests_hw5/data
"test44" start time: Dec 14 09:47 MST
Output:
----------------------------------------------------------
<end of output>
Test time =   0.01 sec
----------------------------------------------------------
Test Passed.
"test44" end time: Dec 14 09:47 MST
"test44" time elapsed: 00:00:00
----------------------------------------------------------

43/83 Testing: test45
43/83 Test: test45
Command: "/s/bach/n/under/nklisch/school/cs253/HW8/hw6_grading/build/tests_hw5/test45"
Directory: /s/bach/n/under/nklisch/school/cs253/HW8/hw6_grading/tests_hw5/data
"test45" start time: Dec 14 09:47 MST
Output:
----------------------------------------------------------
test9 passed, runtime_error = The key john is not valid it is not in the provided key file
<end of output>
Test time =   0.01 sec
----------------------------------------------------------
Test Passed.
"test45" end time: Dec 14 09:47 MST
"test45" time elapsed: 00:00:00
----------------------------------------------------------

44/83 Testing: test46
44/83 Test: test46
Command: "/s/bach/n/under/nklisch/school/cs253/HW8/hw6_grading/build/tests_hw5/test46"
Directory: /s/bach/n/under/nklisch/school/cs253/HW8/hw6_grading/tests_hw5/data
"test46" start time: Dec 14 09:47 MST
Output:
----------------------------------------------------------
test46 passed, runtime_error = Key Lin^_^kme is not alphanumeric.
<end of output>
Test time =   0.01 sec
----------------------------------------------------------
Test Passed.
"test46" end time: Dec 14 09:47 MST
"test46" time elapsed: 00:00:00
----------------------------------------------------------

45/83 Testing: test47
45/83 Test: test47
Command: "/s/bach/n/under/nklisch/school/cs253/HW8/hw6_grading/build/tests_hw5/test47"
Directory: /s/bach/n/under/nklisch/school/cs253/HW8/hw6_grading/tests_hw5/data
"test47" start time: Dec 14 09:47 MST
Output:
----------------------------------------------------------
test47 passed, runtime_error = The key why is not unique
<end of output>
Test time =   0.01 sec
----------------------------------------------------------
Test Passed.
"test47" end time: Dec 14 09:47 MST
"test47" time elapsed: 00:00:00
----------------------------------------------------------

46/83 Testing: test48
46/83 Test: test48
Command: "/s/bach/n/under/nklisch/school/cs253/HW8/hw6_grading/build/tests_hw5/test48"
Directory: /s/bach/n/under/nklisch/school/cs253/HW8/hw6_grading/tests_hw5/data
"test48" start time: Dec 14 09:47 MST
Output:
----------------------------------------------------------
test48 passed, runtime_error = The enemy is missing it's name
Name 
Linkme Former enemy, now friend
BodyType Pony
why Jealous of Twilight Sparkle
<end of output>
Test time =   0.01 sec
----------------------------------------------------------
Test Passed.
"test48" end time: Dec 14 09:47 MST
"test48" time elapsed: 00:00:00
----------------------------------------------------------

47/83 Testing: test49
47/83 Test: test49
Command: "/s/bach/n/under/nklisch/school/cs253/HW8/hw6_grading/build/tests_hw5/test49"
Directory: /s/bach/n/under/nklisch/school/cs253/HW8/hw6_grading/tests_hw5/data
"test49" start time: Dec 14 09:47 MST
Output:
----------------------------------------------------------
<end of output>
Test time =   0.01 sec
----------------------------------------------------------
Test Passed.
"test49" end time: Dec 14 09:47 MST
"test49" time elapsed: 00:00:00
----------------------------------------------------------

48/83 Testing: test50
48/83 Test: test50
Command: "/s/bach/n/under/nklisch/school/cs253/HW8/hw6_grading/build/tests_hw5/test50"
Directory: /s/bach/n/under/nklisch/school/cs253/HW8/hw6_grading/tests_hw5/data
"test50" start time: Dec 14 09:47 MST
Output:
----------------------------------------------------------
Name    Starlight Glimmer
why     Jealous of Twilight Sparkle https://mlp.fandom.com/wiki/Starlight_Glimmer?14222821
Link1ha Former enemy, now friend
<end of output>
Test time =   0.01 sec
----------------------------------------------------------
Test Passed.
"test50" end time: Dec 14 09:47 MST
"test50" time elapsed: 00:00:00
----------------------------------------------------------

49/83 Testing: test51
49/83 Test: test51
Command: "/s/bach/n/under/nklisch/school/cs253/HW8/hw6_grading/build/tests_hw5/test51"
Directory: /s/bach/n/under/nklisch/school/cs253/HW8/hw6_grading/tests_hw5/data
"test51" start time: Dec 14 09:47 MST
Output:
----------------------------------------------------------
<end of output>
Test time =   0.01 sec
----------------------------------------------------------
Test Passed.
"test51" end time: Dec 14 09:47 MST
"test51" time elapsed: 00:00:00
----------------------------------------------------------

50/83 Testing: test52
50/83 Test: test52
Command: "/s/bach/n/under/nklisch/school/cs253/HW8/hw6_grading/build/tests_hw5/test52"
Directory: /s/bach/n/under/nklisch/school/cs253/HW8/hw6_grading/tests_hw5/data
"test52" start time: Dec 14 09:47 MST
Output:
----------------------------------------------------------
<end of output>
Test time =   0.01 sec
----------------------------------------------------------
Test Passed.
"test52" end time: Dec 14 09:47 MST
"test52" time elapsed: 00:00:00
----------------------------------------------------------

51/83 Testing: test53
51/83 Test: test53
Command: "/s/bach/n/under/nklisch/school/cs253/HW8/hw6_grading/build/tests_hw5/test53"
Directory: /s/bach/n/under/nklisch/school/cs253/HW8/hw6_grading/tests_hw5/data
"test53" start time: Dec 14 09:47 MST
Output:
----------------------------------------------------------
<end of output>
Test time =   0.01 sec
----------------------------------------------------------
Test Passed.
"test53" end time: Dec 14 09:47 MST
"test53" time elapsed: 00:00:00
----------------------------------------------------------

52/83 Testing: test54
52/83 Test: test54
Command: "/s/bach/n/under/nklisch/school/cs253/HW8/hw6_grading/build/tests_hw5/test54"
Directory: /s/bach/n/under/nklisch/school/cs253/HW8/hw6_grading/tests_hw5/data
"test54" start time: Dec 14 09:47 MST
Output:
----------------------------------------------------------
test54 passed, runtime_error = Key yooooo not found
<end of output>
Test time =   0.01 sec
----------------------------------------------------------
Test Passed.
"test54" end time: Dec 14 09:47 MST
"test54" time elapsed: 00:00:00
----------------------------------------------------------

53/83 Testing: test55
53/83 Test: test55
Command: "/s/bach/n/under/nklisch/school/cs253/HW8/hw6_grading/build/tests_hw5/test55"
Directory: /s/bach/n/under/nklisch/school/cs253/HW8/hw6_grading/tests_hw5/data
"test55" start time: Dec 14 09:47 MST
Output:
----------------------------------------------------------


TEST 55 test55NotShowname
why     Jealous of Twilight Sparkle https://mlp.fandom.com/wiki/Starlight_Glimmer?14222821
Link1ha Former enemy, now friend
<end of output>
Test time =   0.01 sec
----------------------------------------------------------
Test Passed.
"test55" end time: Dec 14 09:47 MST
"test55" time elapsed: 00:00:00
----------------------------------------------------------

54/83 Testing: test56
54/83 Test: test56
Command: "/s/bach/n/under/nklisch/school/cs253/HW8/hw6_grading/build/tests_hw5/test56"
Directory: /s/bach/n/under/nklisch/school/cs253/HW8/hw6_grading/tests_hw5/data
"test56" start time: Dec 14 09:47 MST
Output:
----------------------------------------------------------


TEST 56 test56ShownameMissingArg
Name    Starlight Glimmer
why     Jealous of Twilight Sparkle https://mlp.fandom.com/wiki/Starlight_Glimmer?14222821
Link1ha Former enemy, now friend
<end of output>
Test time =   0.01 sec
----------------------------------------------------------
Test Passed.
"test56" end time: Dec 14 09:47 MST
"test56" time elapsed: 00:00:00
----------------------------------------------------------

55/83 Testing: test57
55/83 Test: test57
Command: "/s/bach/n/under/nklisch/school/cs253/HW8/hw6_grading/build/tests_hw5/test57"
Directory: /s/bach/n/under/nklisch/school/cs253/HW8/hw6_grading/tests_hw5/data
"test57" start time: Dec 14 09:47 MST
Output:
----------------------------------------------------------


TEST 57 test57ShowotherFalse
Name    Starlight Glimmer
Link1ha Former enemy, now friend
<end of output>
Test time =   0.01 sec
----------------------------------------------------------
Test Passed.
"test57" end time: Dec 14 09:47 MST
"test57" time elapsed: 00:00:00
----------------------------------------------------------

56/83 Testing: test58
56/83 Test: test58
Command: "/s/bach/n/under/nklisch/school/cs253/HW8/hw6_grading/build/tests_hw5/test58"
Directory: /s/bach/n/under/nklisch/school/cs253/HW8/hw6_grading/tests_hw5/data
"test58" start time: Dec 14 09:47 MST
Output:
----------------------------------------------------------


TEST 58 test58ShowotherMissingArg
Name    Starlight Glimmer
why     Jealous of Twilight Sparkle https://mlp.fandom.com/wiki/Starlight_Glimmer?14222821
Link1ha Former enemy, now friend
<end of output>
Test time =   0.00 sec
----------------------------------------------------------
Test Passed.
"test58" end time: Dec 14 09:47 MST
"test58" time elapsed: 00:00:00
----------------------------------------------------------

57/83 Testing: test59
57/83 Test: test59
Command: "/s/bach/n/under/nklisch/school/cs253/HW8/hw6_grading/build/tests_hw5/test59"
Directory: /s/bach/n/under/nklisch/school/cs253/HW8/hw6_grading/tests_hw5/data
"test59" start time: Dec 14 09:47 MST
Output:
----------------------------------------------------------


TEST 59 test59ShowlinkFalse
Name Starlight Glimmer
why  Jealous of Twilight Sparkle https://mlp.fandom.com/wiki/Starlight_Glimmer?14222821
<end of output>
Test time =   0.01 sec
----------------------------------------------------------
Test Passed.
"test59" end time: Dec 14 09:47 MST
"test59" time elapsed: 00:00:00
----------------------------------------------------------

58/83 Testing: test60
58/83 Test: test60
Command: "/s/bach/n/under/nklisch/school/cs253/HW8/hw6_grading/build/tests_hw5/test60"
Directory: /s/bach/n/under/nklisch/school/cs253/HW8/hw6_grading/tests_hw5/data
"test60" start time: Dec 14 09:47 MST
Output:
----------------------------------------------------------


TEST 60 test60ShowlinkMissingArg
Name    Starlight Glimmer
why     Jealous of Twilight Sparkle https://mlp.fandom.com/wiki/Starlight_Glimmer?14222821
Link1ha Former enemy, now friend
<end of output>
Test time =   0.01 sec
----------------------------------------------------------
Test Passed.
"test60" end time: Dec 14 09:47 MST
"test60" time elapsed: 00:00:00
----------------------------------------------------------

59/83 Testing: test61
59/83 Test: test61
Command: "/s/bach/n/under/nklisch/school/cs253/HW8/hw6_grading/build/tests_hw5/test61"
Directory: /s/bach/n/under/nklisch/school/cs253/HW8/hw6_grading/tests_hw5/data
"test61" start time: Dec 14 09:47 MST
Output:
----------------------------------------------------------
<end of output>
Test time =   0.01 sec
----------------------------------------------------------
Test Passed.
"test61" end time: Dec 14 09:47 MST
"test61" time elapsed: 00:00:00
----------------------------------------------------------

60/83 Testing: test62
60/83 Test: test62
Command: "/s/bach/n/under/nklisch/school/cs253/HW8/hw6_grading/build/tests_hw5/test62"
Directory: /s/bach/n/under/nklisch/school/cs253/HW8/hw6_grading/tests_hw5/data
"test62" start time: Dec 14 09:47 MST
Output:
----------------------------------------------------------
<end of output>
Test time =   0.01 sec
----------------------------------------------------------
Test Passed.
"test62" end time: Dec 14 09:47 MST
"test62" time elapsed: 00:00:00
----------------------------------------------------------

61/83 Testing: test63
61/83 Test: test63
Command: "/s/bach/n/under/nklisch/school/cs253/HW8/hw6_grading/build/tests_hw5/test63"
Directory: /s/bach/n/under/nklisch/school/cs253/HW8/hw6_grading/tests_hw5/data
"test63" start time: Dec 14 09:47 MST
Output:
----------------------------------------------------------
<end of output>
Test time =   0.01 sec
----------------------------------------------------------
Test Passed.
"test63" end time: Dec 14 09:47 MST
"test63" time elapsed: 00:00:00
----------------------------------------------------------

62/83 Testing: test_hw5_samples
62/83 Test: test_hw5_samples
Command: "/s/bach/n/under/nklisch/school/cs253/HW8/hw6_grading/build/tests_samples/test_hw5_samples"
Directory: /s/bach/n/under/nklisch/school/cs253/HW8/hw6_grading/tests_samples/data
"test_hw5_samples" start time: Dec 14 09:47 MST
Output:
----------------------------------------------------------
Name  Blofeld
Actor Donald Pleasence

Name   Dr. No
Actor  Joseph Wiseman
Wealth $3213276

Name  Jaws
Actor Richard Kiel
—————–––––—–––——
Goldfinger’s henchman is Oddjob
Oddjob’s boss is Goldfinger
<end of output>
Test time =   0.01 sec
----------------------------------------------------------
Test Passed.
"test_hw5_samples" end time: Dec 14 09:47 MST
"test_hw5_samples" time elapsed: 00:00:00
----------------------------------------------------------

63/83 Testing: test_hw6_samples
63/83 Test: test_hw6_samples
Command: "/s/bach/n/under/nklisch/school/cs253/HW8/hw6_grading/build/tests_samples/test_hw6_samples"
Directory: /s/bach/n/under/nklisch/school/cs253/HW8/hw6_grading/tests_samples/data
"test_hw6_samples" start time: Dec 14 09:47 MST
Output:
----------------------------------------------------------
Name: Bulbasaur
Weight: 15.2#
URL: https://www.pokemon.com/us/pokedex/bulbasaur?2885596
LinkEvolvesTo: Ivysaur

Name: Ivysaur
Weight: 28.7#
URL: https://www.pokemon.com/us/pokedex/ivysaur?2885596
LinkEvolvesTo: Venusaur
LinkEvolvesFrom: Bulbasaur

Name: Venusaur
Weight: 220.5#
URL: https://www.pokemon.com/us/pokedex/venusaur?2885596
LinkEvolvesFrom: Ivysaur
<end of output>
Test time =   0.01 sec
----------------------------------------------------------
Test Passed.
"test_hw6_samples" end time: Dec 14 09:47 MST
"test_hw6_samples" time elapsed: 00:00:00
----------------------------------------------------------

64/83 Testing: test_array_subscript_empty_enemy
64/83 Test: test_array_subscript_empty_enemy
Command: "/s/bach/n/under/nklisch/school/cs253/HW8/hw6_grading/build/tests_array_subscript_op/test_array_subscript_empty_enemy"
Directory: /s/bach/n/under/nklisch/school/cs253/HW8/hw6_grading/data
"test_array_subscript_empty_enemy" start time: Dec 14 09:47 MST
Output:
----------------------------------------------------------
Index 0 is out of bounds in enemy 
<end of output>
Test time =   0.01 sec
----------------------------------------------------------
Test Passed.
"test_array_subscript_empty_enemy" end time: Dec 14 09:47 MST
"test_array_subscript_empty_enemy" time elapsed: 00:00:00
----------------------------------------------------------

65/83 Testing: test_array_subscript_int_enemy
65/83 Test: test_array_subscript_int_enemy
Command: "/s/bach/n/under/nklisch/school/cs253/HW8/hw6_grading/build/tests_array_subscript_op/test_array_subscript_int_enemy"
Directory: /s/bach/n/under/nklisch/school/cs253/HW8/hw6_grading/data
"test_array_subscript_int_enemy" start time: Dec 14 09:47 MST
Output:
----------------------------------------------------------
<end of output>
Test time =   0.01 sec
----------------------------------------------------------
Test Passed.
"test_array_subscript_int_enemy" end time: Dec 14 09:47 MST
"test_array_subscript_int_enemy" time elapsed: 00:00:00
----------------------------------------------------------

66/83 Testing: test_array_subscript_int_enemy_range_error
66/83 Test: test_array_subscript_int_enemy_range_error
Command: "/s/bach/n/under/nklisch/school/cs253/HW8/hw6_grading/build/tests_array_subscript_op/test_array_subscript_int_enemy_range_error"
Directory: /s/bach/n/under/nklisch/school/cs253/HW8/hw6_grading/data
"test_array_subscript_int_enemy_range_error" start time: Dec 14 09:47 MST
Output:
----------------------------------------------------------
Index 4 is out of bounds in enemy Nagini
<end of output>
Test time =   0.01 sec
----------------------------------------------------------
Test Passed.
"test_array_subscript_int_enemy_range_error" end time: Dec 14 09:47 MST
"test_array_subscript_int_enemy_range_error" time elapsed: 00:00:00
----------------------------------------------------------

67/83 Testing: test_array_subscript_int_gallery
67/83 Test: test_array_subscript_int_gallery
Command: "/s/bach/n/under/nklisch/school/cs253/HW8/hw6_grading/build/tests_array_subscript_op/test_array_subscript_int_gallery"
Directory: /s/bach/n/under/nklisch/school/cs253/HW8/hw6_grading/data
"test_array_subscript_int_gallery" start time: Dec 14 09:47 MST
Output:
----------------------------------------------------------
<end of output>
Test time =   0.01 sec
----------------------------------------------------------
Test Passed.
"test_array_subscript_int_gallery" end time: Dec 14 09:47 MST
"test_array_subscript_int_gallery" time elapsed: 00:00:00
----------------------------------------------------------

68/83 Testing: test_array_subscript_int_gallery_range_error
68/83 Test: test_array_subscript_int_gallery_range_error
Command: "/s/bach/n/under/nklisch/school/cs253/HW8/hw6_grading/build/tests_array_subscript_op/test_array_subscript_int_gallery_range_error"
Directory: /s/bach/n/under/nklisch/school/cs253/HW8/hw6_grading/data
"test_array_subscript_int_gallery_range_error" start time: Dec 14 09:47 MST
Output:
----------------------------------------------------------
Index out of bounds: 5 max is 5
<end of output>
Test time =   0.01 sec
----------------------------------------------------------
Test Passed.
"test_array_subscript_int_gallery_range_error" end time: Dec 14 09:47 MST
"test_array_subscript_int_gallery_range_error" time elapsed: 00:00:00
----------------------------------------------------------

69/83 Testing: test_array_subscript_key_empty_enemy
69/83 Test: test_array_subscript_key_empty_enemy
Command: "/s/bach/n/under/nklisch/school/cs253/HW8/hw6_grading/build/tests_array_subscript_op/test_array_subscript_key_empty_enemy"
Directory: /s/bach/n/under/nklisch/school/cs253/HW8/hw6_grading/data
"test_array_subscript_key_empty_enemy" start time: Dec 14 09:47 MST
Output:
----------------------------------------------------------
Key Name not found, enemy is empty
<end of output>
Test time =   0.01 sec
----------------------------------------------------------
Test Passed.
"test_array_subscript_key_empty_enemy" end time: Dec 14 09:47 MST
"test_array_subscript_key_empty_enemy" time elapsed: 00:00:00
----------------------------------------------------------

70/83 Testing: test_array_subscript_key_enemy
70/83 Test: test_array_subscript_key_enemy
Command: "/s/bach/n/under/nklisch/school/cs253/HW8/hw6_grading/build/tests_array_subscript_op/test_array_subscript_key_enemy"
Directory: /s/bach/n/under/nklisch/school/cs253/HW8/hw6_grading/data
"test_array_subscript_key_enemy" start time: Dec 14 09:47 MST
Output:
----------------------------------------------------------
<end of output>
Test time =   0.01 sec
----------------------------------------------------------
Test Passed.
"test_array_subscript_key_enemy" end time: Dec 14 09:47 MST
"test_array_subscript_key_enemy" time elapsed: 00:00:00
----------------------------------------------------------

71/83 Testing: test_array_subscript_wrong_key_enemy
71/83 Test: test_array_subscript_wrong_key_enemy
Command: "/s/bach/n/under/nklisch/school/cs253/HW8/hw6_grading/build/tests_array_subscript_op/test_array_subscript_wrong_key_enemy"
Directory: /s/bach/n/under/nklisch/school/cs253/HW8/hw6_grading/data
"test_array_subscript_wrong_key_enemy" start time: Dec 14 09:47 MST
Output:
----------------------------------------------------------
Key Something not found
<end of output>
Test time =   0.01 sec
----------------------------------------------------------
Test Passed.
"test_array_subscript_wrong_key_enemy" end time: Dec 14 09:47 MST
"test_array_subscript_wrong_key_enemy" time elapsed: 00:00:00
----------------------------------------------------------

72/83 Testing: test_empty_enemy
72/83 Test: test_empty_enemy
Command: "/s/bach/n/under/nklisch/school/cs253/HW8/hw6_grading/build/tests_boolean_conversion_op/test_empty_enemy"
Directory: /s/bach/n/under/nklisch/school/cs253/HW8/hw6_grading/data
"test_empty_enemy" start time: Dec 14 09:47 MST
Output:
----------------------------------------------------------
<end of output>
Test time =   0.00 sec
----------------------------------------------------------
Test Passed.
"test_empty_enemy" end time: Dec 14 09:47 MST
"test_empty_enemy" time elapsed: 00:00:00
----------------------------------------------------------

73/83 Testing: test_empty_gallery
73/83 Test: test_empty_gallery
Command: "/s/bach/n/under/nklisch/school/cs253/HW8/hw6_grading/build/tests_boolean_conversion_op/test_empty_gallery"
Directory: /s/bach/n/under/nklisch/school/cs253/HW8/hw6_grading/data
"test_empty_gallery" start time: Dec 14 09:47 MST
Output:
----------------------------------------------------------
<end of output>
Test time =   0.01 sec
----------------------------------------------------------
Test Passed.
"test_empty_gallery" end time: Dec 14 09:47 MST
"test_empty_gallery" time elapsed: 00:00:00
----------------------------------------------------------

74/83 Testing: test_enemy_with_data
74/83 Test: test_enemy_with_data
Command: "/s/bach/n/under/nklisch/school/cs253/HW8/hw6_grading/build/tests_boolean_conversion_op/test_enemy_with_data"
Directory: /s/bach/n/under/nklisch/school/cs253/HW8/hw6_grading/data
"test_enemy_with_data" start time: Dec 14 09:47 MST
Output:
----------------------------------------------------------
<end of output>
Test time =   0.01 sec
----------------------------------------------------------
Test Passed.
"test_enemy_with_data" end time: Dec 14 09:47 MST
"test_enemy_with_data" time elapsed: 00:00:00
----------------------------------------------------------

75/83 Testing: test_enemy_with_other_data
75/83 Test: test_enemy_with_other_data
Command: "/s/bach/n/under/nklisch/school/cs253/HW8/hw6_grading/build/tests_boolean_conversion_op/test_enemy_with_other_data"
Directory: /s/bach/n/under/nklisch/school/cs253/HW8/hw6_grading/data
"test_enemy_with_other_data" start time: Dec 14 09:47 MST
Output:
----------------------------------------------------------
<end of output>
Test time =   0.01 sec
----------------------------------------------------------
Test Passed.
"test_enemy_with_other_data" end time: Dec 14 09:47 MST
"test_enemy_with_other_data" time elapsed: 00:00:00
----------------------------------------------------------

76/83 Testing: test_gallery_with_data
76/83 Test: test_gallery_with_data
Command: "/s/bach/n/under/nklisch/school/cs253/HW8/hw6_grading/build/tests_boolean_conversion_op/test_gallery_with_data"
Directory: /s/bach/n/under/nklisch/school/cs253/HW8/hw6_grading/data
"test_gallery_with_data" start time: Dec 14 09:47 MST
Output:
----------------------------------------------------------
<end of output>
Test time =   0.01 sec
----------------------------------------------------------
Test Passed.
"test_gallery_with_data" end time: Dec 14 09:47 MST
"test_gallery_with_data" time elapsed: 00:00:00
----------------------------------------------------------

77/83 Testing: test_gallery_with_other_data
77/83 Test: test_gallery_with_other_data
Command: "/s/bach/n/under/nklisch/school/cs253/HW8/hw6_grading/build/tests_boolean_conversion_op/test_gallery_with_other_data"
Directory: /s/bach/n/under/nklisch/school/cs253/HW8/hw6_grading/data
"test_gallery_with_other_data" start time: Dec 14 09:47 MST
Output:
----------------------------------------------------------
<end of output>
Test time =   0.01 sec
----------------------------------------------------------
Test Passed.
"test_gallery_with_other_data" end time: Dec 14 09:47 MST
"test_gallery_with_other_data" time elapsed: 00:00:00
----------------------------------------------------------

78/83 Testing: test_eq_different_enemy
78/83 Test: test_eq_different_enemy
Command: "/s/bach/n/under/nklisch/school/cs253/HW8/hw6_grading/build/tests_eq_ne_op/test_eq_different_enemy"
Directory: /s/bach/n/under/nklisch/school/cs253/HW8/hw6_grading/data
"test_eq_different_enemy" start time: Dec 14 09:47 MST
Output:
----------------------------------------------------------
<end of output>
Test time =   0.01 sec
----------------------------------------------------------
Test Passed.
"test_eq_different_enemy" end time: Dec 14 09:47 MST
"test_eq_different_enemy" time elapsed: 00:00:00
----------------------------------------------------------

79/83 Testing: test_eq_empty_enemy
79/83 Test: test_eq_empty_enemy
Command: "/s/bach/n/under/nklisch/school/cs253/HW8/hw6_grading/build/tests_eq_ne_op/test_eq_empty_enemy"
Directory: /s/bach/n/under/nklisch/school/cs253/HW8/hw6_grading/data
"test_eq_empty_enemy" start time: Dec 14 09:47 MST
Output:
----------------------------------------------------------
<end of output>
Test time =   0.01 sec
----------------------------------------------------------
Test Passed.
"test_eq_empty_enemy" end time: Dec 14 09:47 MST
"test_eq_empty_enemy" time elapsed: 00:00:00
----------------------------------------------------------

80/83 Testing: test_eq_empty_enemy_different_keyfile
80/83 Test: test_eq_empty_enemy_different_keyfile
Command: "/s/bach/n/under/nklisch/school/cs253/HW8/hw6_grading/build/tests_eq_ne_op/test_eq_empty_enemy_different_keyfile"
Directory: /s/bach/n/under/nklisch/school/cs253/HW8/hw6_grading/data
"test_eq_empty_enemy_different_keyfile" start time: Dec 14 09:47 MST
Output:
----------------------------------------------------------
<end of output>
Test time =   0.01 sec
----------------------------------------------------------
Test Passed.
"test_eq_empty_enemy_different_keyfile" end time: Dec 14 09:47 MST
"test_eq_empty_enemy_different_keyfile" time elapsed: 00:00:00
----------------------------------------------------------

81/83 Testing: test_eq_enemy_copy
81/83 Test: test_eq_enemy_copy
Command: "/s/bach/n/under/nklisch/school/cs253/HW8/hw6_grading/build/tests_eq_ne_op/test_eq_enemy_copy"
Directory: /s/bach/n/under/nklisch/school/cs253/HW8/hw6_grading/data
"test_eq_enemy_copy" start time: Dec 14 09:47 MST
Output:
----------------------------------------------------------
<end of output>
Test time =   0.01 sec
----------------------------------------------------------
Test Passed.
"test_eq_enemy_copy" end time: Dec 14 09:47 MST
"test_eq_enemy_copy" time elapsed: 00:00:00
----------------------------------------------------------

82/83 Testing: test_eq_enemy_with_data
82/83 Test: test_eq_enemy_with_data
Command: "/s/bach/n/under/nklisch/school/cs253/HW8/hw6_grading/build/tests_eq_ne_op/test_eq_enemy_with_data"
Directory: /s/bach/n/under/nklisch/school/cs253/HW8/hw6_grading/data
"test_eq_enemy_with_data" start time: Dec 14 09:47 MST
Output:
----------------------------------------------------------
<end of output>
Test time =   0.01 sec
----------------------------------------------------------
Test Passed.
"test_eq_enemy_with_data" end time: Dec 14 09:47 MST
"test_eq_enemy_with_data" time elapsed: 00:00:00
----------------------------------------------------------

83/83 Testing: test_eq_enemy_with_data_different_keyfile
83/83 Test: test_eq_enemy_with_data_different_keyfile
Command: "/s/bach/n/under/nklisch/school/cs253/HW8/hw6_grading/build/tests_eq_ne_op/test_eq_enemy_with_data_different_keyfile"
Directory: /s/bach/n/under/nklisch/school/cs253/HW8/hw6_grading/data
"test_eq_enemy_with_data_different_keyfile" start time: Dec 14 09:47 MST
Output:
----------------------------------------------------------
<end of output>
Test time =   0.01 sec
----------------------------------------------------------
Test Passed.
"test_eq_enemy_with_data_different_keyfile" end time: Dec 14 09:47 MST
"test_eq_enemy_with_data_different_keyfile" time elapsed: 00:00:00
----------------------------------------------------------

End testing: Dec 14 09:47 MST

Tests HW5 =   0.40 sec*proc

Tests array subscript operator =   0.05 sec*proc

Tests boolean conversion operator =   0.03 sec*proc

Tests equality and non equality  =   0.05 sec*proc

Tests samples =   0.01 sec*proc

